#
# There is insufficient memory for the Java Runtime Environment to continue.
# Native memory allocation (malloc) failed to allocate 32744 bytes for ChunkPool::allocate
# Possible reasons:
#   The system is out of physical RAM or swap space
#   The process is running with CompressedOops enabled, and the Java Heap may be blocking the growth of the native heap
# Possible solutions:
#   Reduce memory load on the system
#   Increase physical memory or swap space
#   Check if swap backing store is full
#   Decrease Java heap size (-Xmx/-Xms)
#   Decrease number of Java threads
#   Decrease Java thread stack sizes (-Xss)
#   Set larger code cache with -XX:ReservedCodeCacheSize=
#   JVM is running with Unscaled Compressed Oops mode in which the Java heap is
#     placed in the first 4GB address space. The Java Heap base address is the
#     maximum limit for the native heap growth. Please use -XX:HeapBaseMinAddress
#     to set the Java Heap base and to place the Java Heap above 4GB virtual address.
# This output file may be truncated or incomplete.
#
#  Out of Memory Error (allocation.cpp:272), pid=12460, tid=0x0000000000002df8
#
# JRE version: OpenJDK Runtime Environment (8.0_275-b01) (build 1.8.0_275-b01)
# Java VM: OpenJDK 64-Bit Server VM (25.275-b01 mixed mode windows-amd64 compressed oops)
# Failed to write core dump. Minidumps are not enabled by default on client versions of Windows
#

---------------  T H R E A D  ---------------

Current thread (0x00000000180e8800):  JavaThread "Daemon worker" [_thread_in_vm, id=11768, stack(0x0000000019da0000,0x0000000019ea0000)]

Stack: [0x0000000019da0000,0x0000000019ea0000]
[error occurred during error reporting (printing stack bounds), id 0xc0000005]

Native frames: (J=compiled Java code, j=interpreted, Vv=VM code, C=native code)

Java frames: (J=compiled Java code, j=interpreted, Vv=VM code)
J 499  java.lang.Throwable.fillInStackTrace(I)Ljava/lang/Throwable; (0 bytes) @ 0x000000000362493b [0x0000000003624900+0x3b]
J 1796 C2 java.lang.ReflectiveOperationException.<init>(Ljava/lang/String;Ljava/lang/Throwable;)V (7 bytes) @ 0x0000000003a62ba0 [0x0000000003a62ae0+0xc0]
J 1396 C2 java.net.URLClassLoader.findClass(Ljava/lang/String;)Ljava/lang/Class; (47 bytes) @ 0x00000000038fc9ac [0x00000000038fc8a0+0x10c]
J 2120 C1 java.lang.ClassLoader.loadClass(Ljava/lang/String;Z)Ljava/lang/Class; (122 bytes) @ 0x0000000003b48e14 [0x0000000003b484c0+0x954]
J 2120 C1 java.lang.ClassLoader.loadClass(Ljava/lang/String;Z)Ljava/lang/Class; (122 bytes) @ 0x0000000003b48bb4 [0x0000000003b484c0+0x6f4]
J 446 C1 java.lang.ClassLoader.loadClass(Ljava/lang/String;)Ljava/lang/Class; (7 bytes) @ 0x0000000003606a0c [0x0000000003606900+0x10c]
v  ~StubRoutines::call_stub
j  org.codehaus.groovy.reflection.CachedMethod.createPojoMetaMethodSite(Lorg/codehaus/groovy/runtime/callsite/CallSite;Lgroovy/lang/MetaClassImpl;[Ljava/lang/Class;)Lorg/codehaus/groovy/runtime/callsite/CallSite;+116
j  org.codehaus.groovy.runtime.callsite.PojoMetaMethodSite.createCachedMethodSite(Lorg/codehaus/groovy/runtime/callsite/CallSite;Lgroovy/lang/MetaClassImpl;Lorg/codehaus/groovy/reflection/CachedMethod;[Ljava/lang/Class;[Ljava/lang/Object;)Lorg/codehaus/groovy/runtime/callsite/CallSite;+44
j  org.codehaus.groovy.runtime.callsite.PojoMetaMethodSite.createPojoMetaMethodSite(Lorg/codehaus/groovy/runtime/callsite/CallSite;Lgroovy/lang/MetaClassImpl;Lgroovy/lang/MetaMethod;[Ljava/lang/Class;Ljava/lang/Object;[Ljava/lang/Object;)Lorg/codehaus/groovy/runtime/callsite/CallSite;+41
j  groovy.lang.MetaClassImpl.createPojoCallSite(Lorg/codehaus/groovy/runtime/callsite/CallSite;Ljava/lang/Object;[Ljava/lang/Object;)Lorg/codehaus/groovy/runtime/callsite/CallSite;+39
j  org.codehaus.groovy.runtime.callsite.CallSiteArray.createPojoSite(Lorg/codehaus/groovy/runtime/callsite/CallSite;Ljava/lang/Object;[Ljava/lang/Object;)Lorg/codehaus/groovy/runtime/callsite/CallSite;+66
j  org.codehaus.groovy.runtime.callsite.CallSiteArray.createCallSite(Lorg/codehaus/groovy/runtime/callsite/CallSite;Ljava/lang/Object;[Ljava/lang/Object;)Lorg/codehaus/groovy/runtime/callsite/CallSite;+53
j  org.codehaus.groovy.runtime.callsite.CallSiteArray.defaultCall(Lorg/codehaus/groovy/runtime/callsite/CallSite;Ljava/lang/Object;[Ljava/lang/Object;)Ljava/lang/Object;+3
j  org.codehaus.groovy.runtime.callsite.AbstractCallSite.call(Ljava/lang/Object;[Ljava/lang/Object;)Ljava/lang/Object;+3
j  org.codehaus.groovy.runtime.callsite.AbstractCallSite.call(Ljava/lang/Object;)Ljava/lang/Object;+5
j  ReactNativeModules.getCommandOutput([Ljava/lang/String;Ljava/io/File;)Ljava/lang/String;+57
j  ReactNativeModules$getCommandOutput$0.callCurrent(Lgroovy/lang/GroovyObject;[Ljava/lang/Object;)Ljava/lang/Object;+25
j  org.codehaus.groovy.runtime.callsite.CallSiteArray.defaultCallCurrent(Lorg/codehaus/groovy/runtime/callsite/CallSite;Lgroovy/lang/GroovyObject;[Ljava/lang/Object;)Ljava/lang/Object;+17
j  org.codehaus.groovy.runtime.callsite.AbstractCallSite.callCurrent(Lgroovy/lang/GroovyObject;[Ljava/lang/Object;)Ljava/lang/Object;+3
j  org.codehaus.groovy.runtime.callsite.AbstractCallSite.callCurrent(Lgroovy/lang/GroovyObject;Ljava/lang/Object;Ljava/lang/Object;)Ljava/lang/Object;+38
j  ReactNativeModules.getReactNativeConfig()Ljava/util/ArrayList;+100
j  ReactNativeModules$getReactNativeConfig.callCurrent(Lgroovy/lang/GroovyObject;[Ljava/lang/Object;)Ljava/lang/Object;+13
j  org.codehaus.groovy.runtime.callsite.CallSiteArray.defaultCallCurrent(Lorg/codehaus/groovy/runtime/callsite/CallSite;Lgroovy/lang/GroovyObject;[Ljava/lang/Object;)Ljava/lang/Object;+17
j  org.codehaus.groovy.runtime.callsite.AbstractCallSite.callCurrent(Lgroovy/lang/GroovyObject;[Ljava/lang/Object;)Ljava/lang/Object;+3
j  org.codehaus.groovy.runtime.callsite.AbstractCallSite.callCurrent(Lgroovy/lang/GroovyObject;)Ljava/lang/Object;+5
j  ReactNativeModules.<init>(Lorg/gradle/api/logging/Logger;Ljava/io/File;)V+71
v  ~StubRoutines::call_stub
J 1984  sun.reflect.NativeConstructorAccessorImpl.newInstance0(Ljava/lang/reflect/Constructor;[Ljava/lang/Object;)Ljava/lang/Object; (0 bytes) @ 0x0000000003ae47a6 [0x0000000003ae4740+0x66]
J 1983 C1 sun.reflect.NativeConstructorAccessorImpl.newInstance([Ljava/lang/Object;)Ljava/lang/Object; (89 bytes) @ 0x0000000003ae1a94 [0x0000000003ae0a40+0x1054]
J 1982 C1 sun.reflect.DelegatingConstructorAccessorImpl.newInstance([Ljava/lang/Object;)Ljava/lang/Object; (9 bytes) @ 0x0000000003adb544 [0x0000000003adb440+0x104]
J 1981 C1 java.lang.reflect.Constructor.newInstance([Ljava/lang/Object;)Ljava/lang/Object; (87 bytes) @ 0x0000000003adbdcc [0x0000000003adb900+0x4cc]
j  org.codehaus.groovy.reflection.CachedConstructor.invoke([Ljava/lang/Object;)Ljava/lang/Object;+7
j  org.codehaus.groovy.runtime.callsite.ConstructorSite$ConstructorSiteNoUnwrapNoCoerce.callConstructor(Ljava/lang/Object;[Ljava/lang/Object;)Ljava/lang/Object;+14
j  org.codehaus.groovy.runtime.callsite.CallSiteArray.defaultCallConstructor(Lorg/codehaus/groovy/runtime/callsite/CallSite;Ljava/lang/Object;[Ljava/lang/Object;)Ljava/lang/Object;+11
j  org.codehaus.groovy.runtime.callsite.AbstractCallSite.callConstructor(Ljava/lang/Object;[Ljava/lang/Object;)Ljava/lang/Object;+3
j  org.codehaus.groovy.runtime.callsite.AbstractCallSite.callConstructor(Ljava/lang/Object;Ljava/lang/Object;Ljava/lang/Object;)Ljava/lang/Object;+38
j  native_modules_4td5mg526vg1tkjgpd0azt3v2.run()Ljava/lang/Object;+117
j  org.gradle.groovy.scripts.internal.DefaultScriptRunnerFactory$ScriptRunnerImpl.run(Ljava/lang/Object;Lorg/gradle/internal/service/ServiceRegistry;)V+57
j  org.gradle.configuration.DefaultScriptPluginFactory$ScriptPluginImpl$2.run()V+12
j  org.gradle.configuration.DefaultScriptTarget.addConfiguration(Ljava/lang/Runnable;Z)V+1
j  org.gradle.configuration.DefaultScriptPluginFactory$ScriptPluginImpl.apply(Ljava/lang/Object;)V+656
j  org.gradle.configuration.BuildOperationScriptPlugin$1$1.run(Lorg/gradle/internal/operations/BuildOperationContext;)V+17
j  org.gradle.internal.operations.DefaultBuildOperationExecutor$RunnableBuildOperationWorker.execute(Lorg/gradle/internal/operations/RunnableBuildOperation;Lorg/gradle/internal/operations/BuildOperationContext;)V+2
j  org.gradle.internal.operations.DefaultBuildOperationExecutor$RunnableBuildOperationWorker.execute(Lorg/gradle/internal/operations/BuildOperation;Lorg/gradle/internal/operations/BuildOperationContext;)V+6
j  org.gradle.internal.operations.DefaultBuildOperationExecutor$1.execute(Lorg/gradle/internal/operations/BuildOperationDescriptor;Lorg/gradle/internal/operations/DefaultBuildOperationExecutor$DefaultBuildOperationContext;Lorg/gradle/internal/operations/DefaultBuildOperationExecutor$BuildOperationExecutionListener;)Lorg/gradle/internal/operations/BuildOperation;+18
j  org.gradle.internal.operations.DefaultBuildOperationExecutor.execute(Lorg/gradle/internal/operations/BuildOperationDescriptor$Builder;Lorg/gradle/internal/operations/DefaultBuildOperationExecutor$BuildOperationState;Lorg/gradle/internal/operations/DefaultBuildOperationExecutor$BuildOperationExecution;)Lorg/gradle/internal/operations/BuildOperation;+105
j  org.gradle.internal.operations.DefaultBuildOperationExecutor.execute(Lorg/gradle/internal/operations/BuildOperation;Lorg/gradle/internal/operations/BuildOperationWorker;Lorg/gradle/internal/operations/DefaultBuildOperationExecutor$BuildOperationState;)V+22
j  org.gradle.internal.operations.DefaultBuildOperationExecutor.run(Lorg/gradle/internal/operations/RunnableBuildOperation;)V+10
j  org.gradle.internal.operations.DelegatingBuildOperationExecutor.run(Lorg/gradle/internal/operations/RunnableBuildOperation;)V+5
j  org.gradle.configuration.BuildOperationScriptPlugin$1.execute(Lorg/gradle/configuration/internal/UserCodeApplicationId;)V+16
j  org.gradle.configuration.BuildOperationScriptPlugin$1.execute(Ljava/lang/Object;)V+5
j  org.gradle.configuration.internal.DefaultUserCodeApplicationContext.apply(Lorg/gradle/api/Action;)V+19
j  org.gradle.configuration.BuildOperationScriptPlugin.apply(Ljava/lang/Object;)V+54
j  org.gradle.api.internal.plugins.DefaultObjectConfigurationAction.applyScript(Ljava/lang/Object;)V+167
j  org.gradle.api.internal.plugins.DefaultObjectConfigurationAction.access$000(Lorg/gradle/api/internal/plugins/DefaultObjectConfigurationAction;Ljava/lang/Object;)V+2
j  org.gradle.api.internal.plugins.DefaultObjectConfigurationAction$1.run()V+8
j  org.gradle.api.internal.plugins.DefaultObjectConfigurationAction.execute()V+58
j  org.gradle.groovy.scripts.DefaultScript.apply(Ljava/util/Map;)V+12
j  org.gradle.api.Script$apply$0.callCurrent(Lgroovy/lang/GroovyObject;[Ljava/lang/Object;)Ljava/lang/Object;+19
j  org.codehaus.groovy.runtime.callsite.CallSiteArray.defaultCallCurrent(Lorg/codehaus/groovy/runtime/callsite/CallSite;Lgroovy/lang/GroovyObject;[Ljava/lang/Object;)Ljava/lang/Object;+17
j  org.codehaus.groovy.runtime.callsite.AbstractCallSite.callCurrent(Lgroovy/lang/GroovyObject;[Ljava/lang/Object;)Ljava/lang/Object;+3
j  org.codehaus.groovy.runtime.callsite.AbstractCallSite.callCurrent(Lgroovy/lang/GroovyObject;Ljava/lang/Object;)Ljava/lang/Object;+33
j  settings_dcxqmgs74zx4gc0skqg8uyngk.run()Ljava/lang/Object;+61
j  org.gradle.groovy.scripts.internal.DefaultScriptRunnerFactory$ScriptRunnerImpl.run(Ljava/lang/Object;Lorg/gradle/internal/service/ServiceRegistry;)V+57
j  org.gradle.configuration.DefaultScriptPluginFactory$ScriptPluginImpl$2.run()V+12
j  org.gradle.configuration.DefaultScriptTarget.addConfiguration(Ljava/lang/Runnable;Z)V+1
j  org.gradle.configuration.DefaultScriptPluginFactory$ScriptPluginImpl.apply(Ljava/lang/Object;)V+656
j  org.gradle.configuration.BuildOperationScriptPlugin$1$1.run(Lorg/gradle/internal/operations/BuildOperationContext;)V+17
j  org.gradle.internal.operations.DefaultBuildOperationExecutor$RunnableBuildOperationWorker.execute(Lorg/gradle/internal/operations/RunnableBuildOperation;Lorg/gradle/internal/operations/BuildOperationContext;)V+2
j  org.gradle.internal.operations.DefaultBuildOperationExecutor$RunnableBuildOperationWorker.execute(Lorg/gradle/internal/operations/BuildOperation;Lorg/gradle/internal/operations/BuildOperationContext;)V+6
j  org.gradle.internal.operations.DefaultBuildOperationExecutor$1.execute(Lorg/gradle/internal/operations/BuildOperationDescriptor;Lorg/gradle/internal/operations/DefaultBuildOperationExecutor$DefaultBuildOperationContext;Lorg/gradle/internal/operations/DefaultBuildOperationExecutor$BuildOperationExecutionListener;)Lorg/gradle/internal/operations/BuildOperation;+18
j  org.gradle.internal.operations.DefaultBuildOperationExecutor.execute(Lorg/gradle/internal/operations/BuildOperationDescriptor$Builder;Lorg/gradle/internal/operations/DefaultBuildOperationExecutor$BuildOperationState;Lorg/gradle/internal/operations/DefaultBuildOperationExecutor$BuildOperationExecution;)Lorg/gradle/internal/operations/BuildOperation;+105
j  org.gradle.internal.operations.DefaultBuildOperationExecutor.execute(Lorg/gradle/internal/operations/BuildOperation;Lorg/gradle/internal/operations/BuildOperationWorker;Lorg/gradle/internal/operations/DefaultBuildOperationExecutor$BuildOperationState;)V+22
j  org.gradle.internal.operations.DefaultBuildOperationExecutor.run(Lorg/gradle/internal/operations/RunnableBuildOperation;)V+10
j  org.gradle.internal.operations.DelegatingBuildOperationExecutor.run(Lorg/gradle/internal/operations/RunnableBuildOperation;)V+5
j  org.gradle.configuration.BuildOperationScriptPlugin$1.execute(Lorg/gradle/configuration/internal/UserCodeApplicationId;)V+16
j  org.gradle.configuration.BuildOperationScriptPlugin$1.execute(Ljava/lang/Object;)V+5
j  org.gradle.configuration.internal.DefaultUserCodeApplicationContext.apply(Lorg/gradle/api/Action;)V+19
j  org.gradle.configuration.BuildOperationScriptPlugin.apply(Ljava/lang/Object;)V+54
j  org.gradle.initialization.ScriptEvaluatingSettingsProcessor.applySettingsScript(Lorg/gradle/groovy/scripts/TextResourceScriptSource;Lorg/gradle/api/internal/SettingsInternal;)V+32
j  org.gradle.initialization.ScriptEvaluatingSettingsProcessor.process(Lorg/gradle/api/internal/GradleInternal;Lorg/gradle/initialization/SettingsLocation;Lorg/gradle/api/internal/initialization/ClassLoaderScope;Lorg/gradle/StartParameter;)Lorg/gradle/api/internal/SettingsInternal;+82
j  org.gradle.initialization.SettingsEvaluatedCallbackFiringSettingsProcessor.process(Lorg/gradle/api/internal/GradleInternal;Lorg/gradle/initialization/SettingsLocation;Lorg/gradle/api/internal/initialization/ClassLoaderScope;Lorg/gradle/StartParameter;)Lorg/gradle/api/internal/SettingsInternal;+9
j  org.gradle.initialization.RootBuildCacheControllerSettingsProcessor.process(Lorg/gradle/api/internal/GradleInternal;Lorg/gradle/initialization/SettingsLocation;Lorg/gradle/api/internal/initialization/ClassLoaderScope;Lorg/gradle/StartParameter;)Lorg/gradle/api/internal/SettingsInternal;+9
j  org.gradle.initialization.BuildOperationSettingsProcessor$2.call(Lorg/gradle/internal/operations/BuildOperationContext;)Lorg/gradle/api/internal/SettingsInternal;+23
j  org.gradle.initialization.BuildOperationSettingsProcessor$2.call(Lorg/gradle/internal/operations/BuildOperationContext;)Ljava/lang/Object;+2
j  org.gradle.internal.operations.DefaultBuildOperationExecutor$CallableBuildOperationWorker.execute(Lorg/gradle/internal/operations/CallableBuildOperation;Lorg/gradle/internal/operations/BuildOperationContext;)V+3
j  org.gradle.internal.operations.DefaultBuildOperationExecutor$CallableBuildOperationWorker.execute(Lorg/gradle/internal/operations/BuildOperation;Lorg/gradle/internal/operations/BuildOperationContext;)V+6
j  org.gradle.internal.operations.DefaultBuildOperationExecutor$1.execute(Lorg/gradle/internal/operations/BuildOperationDescriptor;Lorg/gradle/internal/operations/DefaultBuildOperationExecutor$DefaultBuildOperationContext;Lorg/gradle/internal/operations/DefaultBuildOperationExecutor$BuildOperationExecutionListener;)Lorg/gradle/internal/operations/BuildOperation;+18
j  org.gradle.internal.operations.DefaultBuildOperationExecutor.execute(Lorg/gradle/internal/operations/BuildOperationDescriptor$Builder;Lorg/gradle/internal/operations/DefaultBuildOperationExecutor$BuildOperationState;Lorg/gradle/internal/operations/DefaultBuildOperationExecutor$BuildOperationExecution;)Lorg/gradle/internal/operations/BuildOperation;+105
j  org.gradle.internal.operations.DefaultBuildOperationExecutor.execute(Lorg/gradle/internal/operations/BuildOperation;Lorg/gradle/internal/operations/BuildOperationWorker;Lorg/gradle/internal/operations/DefaultBuildOperationExecutor$BuildOperationState;)V+22
j  org.gradle.internal.operations.DefaultBuildOperationExecutor.call(Lorg/gradle/internal/operations/CallableBuildOperation;)Ljava/lang/Object;+16
j  org.gradle.internal.operations.DelegatingBuildOperationExecutor.call(Lorg/gradle/internal/operations/CallableBuildOperation;)Ljava/lang/Object;+5
j  org.gradle.initialization.BuildOperationSettingsProcessor.process(Lorg/gradle/api/internal/GradleInternal;Lorg/gradle/initialization/SettingsLocation;Lorg/gradle/api/internal/initialization/ClassLoaderScope;Lorg/gradle/StartParameter;)Lorg/gradle/api/internal/SettingsInternal;+17
j  org.gradle.initialization.DefaultSettingsLoader.findSettingsAndLoadIfAppropriate(Lorg/gradle/api/internal/GradleInternal;Lorg/gradle/StartParameter;Lorg/gradle/initialization/SettingsLocation;Lorg/gradle/api/internal/initialization/ClassLoaderScope;)Lorg/gradle/api/internal/SettingsInternal;+9
j  org.gradle.initialization.DefaultSettingsLoader.findAndLoadSettings(Lorg/gradle/api/internal/GradleInternal;)Lorg/gradle/api/internal/SettingsInternal;+33
j  org.gradle.initialization.SettingsAttachingSettingsLoader.findAndLoadSettings(Lorg/gradle/api/internal/GradleInternal;)Lorg/gradle/api/internal/SettingsInternal;+5
j  org.gradle.internal.composite.CommandLineIncludedBuildSettingsLoader.findAndLoadSettings(Lorg/gradle/api/internal/GradleInternal;)Lorg/gradle/api/internal/SettingsInternal;+5
j  org.gradle.internal.composite.ChildBuildRegisteringSettingsLoader.findAndLoadSettings(Lorg/gradle/api/internal/GradleInternal;)Lorg/gradle/api/internal/SettingsInternal;+5
j  org.gradle.internal.composite.CompositeBuildSettingsLoader.findAndLoadSettings(Lorg/gradle/api/internal/GradleInternal;)Lorg/gradle/api/internal/SettingsInternal;+5
j  org.gradle.initialization.DefaultSettingsPreparer.prepareSettings(Lorg/gradle/api/internal/GradleInternal;)V+41
j  org.gradle.initialization.BuildOperatingFiringSettingsPreparer$LoadBuild.doLoadBuild()V+11
j  org.gradle.initialization.BuildOperatingFiringSettingsPreparer$LoadBuild.run(Lorg/gradle/internal/operations/BuildOperationContext;)V+1
j  org.gradle.internal.operations.DefaultBuildOperationExecutor$RunnableBuildOperationWorker.execute(Lorg/gradle/internal/operations/RunnableBuildOperation;Lorg/gradle/internal/operations/BuildOperationContext;)V+2
j  org.gradle.internal.operations.DefaultBuildOperationExecutor$RunnableBuildOperationWorker.execute(Lorg/gradle/internal/operations/BuildOperation;Lorg/gradle/internal/operations/BuildOperationContext;)V+6
j  org.gradle.internal.operations.DefaultBuildOperationExecutor$1.execute(Lorg/gradle/internal/operations/BuildOperationDescriptor;Lorg/gradle/internal/operations/DefaultBuildOperationExecutor$DefaultBuildOperationContext;Lorg/gradle/internal/operations/DefaultBuildOperationExecutor$BuildOperationExecutionListener;)Lorg/gradle/internal/operations/BuildOperation;+18
j  org.gradle.internal.operations.DefaultBuildOperationExecutor.execute(Lorg/gradle/internal/operations/BuildOperationDescriptor$Builder;Lorg/gradle/internal/operations/DefaultBuildOperationExecutor$BuildOperationState;Lorg/gradle/internal/operations/DefaultBuildOperationExecutor$BuildOperationExecution;)Lorg/gradle/internal/operations/BuildOperation;+105
j  org.gradle.internal.operations.DefaultBuildOperationExecutor.execute(Lorg/gradle/internal/operations/BuildOperation;Lorg/gradle/internal/operations/BuildOperationWorker;Lorg/gradle/internal/operations/DefaultBuildOperationExecutor$BuildOperationState;)V+22
j  org.gradle.internal.operations.DefaultBuildOperationExecutor.run(Lorg/gradle/internal/operations/RunnableBuildOperation;)V+10
j  org.gradle.internal.operations.DelegatingBuildOperationExecutor.run(Lorg/gradle/internal/operations/RunnableBuildOperation;)V+5
j  org.gradle.initialization.BuildOperatingFiringSettingsPreparer.prepareSettings(Lorg/gradle/api/internal/GradleInternal;)V+13
j  org.gradle.initialization.DefaultGradleLauncher.prepareSettings()V+28
j  org.gradle.initialization.DefaultGradleLauncher.doClassicBuildStages(Lorg/gradle/initialization/DefaultGradleLauncher$Stage;)V+17
j  org.gradle.initialization.DefaultGradleLauncher.doBuildStages(Lorg/gradle/initialization/DefaultGradleLauncher$Stage;)V+45
j  org.gradle.initialization.DefaultGradleLauncher.executeTasks()Lorg/gradle/api/internal/GradleInternal;+4
j  org.gradle.internal.invocation.GradleBuildController$$Lambda$52.execute(Ljava/lang/Object;)V+4
j  org.gradle.internal.invocation.GradleBuildController$1.create()Lorg/gradle/api/internal/GradleInternal;+31
j  org.gradle.internal.invocation.GradleBuildController$1.create()Ljava/lang/Object;+1
j  org.gradle.internal.work.DefaultWorkerLeaseService.withLocks(Ljava/lang/Iterable;Lorg/gradle/internal/Factory;)Ljava/lang/Object;+26
j  org.gradle.internal.work.StopShieldingWorkerLeaseService.withLocks(Ljava/lang/Iterable;Lorg/gradle/internal/Factory;)Ljava/lang/Object;+6
j  org.gradle.internal.invocation.GradleBuildController.doBuild(Lorg/gradle/api/internal/GradleInternal$BuildType;Lorg/gradle/api/Action;)Lorg/gradle/api/internal/GradleInternal;+26
j  org.gradle.internal.invocation.GradleBuildController.run()Lorg/gradle/api/internal/GradleInternal;+9
j  org.gradle.tooling.internal.provider.ExecuteBuildActionRunner.run(Lorg/gradle/internal/invocation/BuildAction;Lorg/gradle/internal/invocation/BuildController;)Lorg/gradle/internal/invocation/BuildActionRunner$Result;+12
j  org.gradle.launcher.exec.ChainingBuildActionRunner.run(Lorg/gradle/internal/invocation/BuildAction;Lorg/gradle/internal/invocation/BuildController;)Lorg/gradle/internal/invocation/BuildActionRunner$Result;+34
j  org.gradle.launcher.exec.BuildOutcomeReportingBuildActionRunner.run(Lorg/gradle/internal/invocation/BuildAction;Lorg/gradle/internal/invocation/BuildController;)Lorg/gradle/internal/invocation/BuildActionRunner$Result;+143
j  org.gradle.tooling.internal.provider.ValidatingBuildActionRunner.run(Lorg/gradle/internal/invocation/BuildAction;Lorg/gradle/internal/invocation/BuildController;)Lorg/gradle/internal/invocation/BuildActionRunner$Result;+6
j  org.gradle.launcher.exec.BuildCompletionNotifyingBuildActionRunner.run(Lorg/gradle/internal/invocation/BuildAction;Lorg/gradle/internal/invocation/BuildController;)Lorg/gradle/internal/invocation/BuildActionRunner$Result;+28
j  org.gradle.launcher.exec.RunAsBuildOperationBuildActionRunner$3.call(Lorg/gradle/internal/operations/BuildOperationContext;)Lorg/gradle/internal/invocation/BuildActionRunner$Result;+95
j  org.gradle.launcher.exec.RunAsBuildOperationBuildActionRunner$3.call(Lorg/gradle/internal/operations/BuildOperationContext;)Ljava/lang/Object;+2
j  org.gradle.internal.operations.DefaultBuildOperationExecutor$CallableBuildOperationWorker.execute(Lorg/gradle/internal/operations/CallableBuildOperation;Lorg/gradle/internal/operations/BuildOperationContext;)V+3
j  org.gradle.internal.operations.DefaultBuildOperationExecutor$CallableBuildOperationWorker.execute(Lorg/gradle/internal/operations/BuildOperation;Lorg/gradle/internal/operations/BuildOperationContext;)V+6
j  org.gradle.internal.operations.DefaultBuildOperationExecutor$1.execute(Lorg/gradle/internal/operations/BuildOperationDescriptor;Lorg/gradle/internal/operations/DefaultBuildOperationExecutor$DefaultBuildOperationContext;Lorg/gradle/internal/operations/DefaultBuildOperationExecutor$BuildOperationExecutionListener;)Lorg/gradle/internal/operations/BuildOperation;+18
j  org.gradle.internal.operations.DefaultBuildOperationExecutor.execute(Lorg/gradle/internal/operations/BuildOperationDescriptor$Builder;Lorg/gradle/internal/operations/DefaultBuildOperationExecutor$BuildOperationState;Lorg/gradle/internal/operations/DefaultBuildOperationExecutor$BuildOperationExecution;)Lorg/gradle/internal/operations/BuildOperation;+105
j  org.gradle.internal.operations.DefaultBuildOperationExecutor.execute(Lorg/gradle/internal/operations/BuildOperation;Lorg/gradle/internal/operations/BuildOperationWorker;Lorg/gradle/internal/operations/DefaultBuildOperationExecutor$BuildOperationState;)V+22
j  org.gradle.internal.operations.DefaultBuildOperationExecutor.call(Lorg/gradle/internal/operations/CallableBuildOperation;)Ljava/lang/Object;+16
j  org.gradle.internal.operations.DelegatingBuildOperationExecutor.call(Lorg/gradle/internal/operations/CallableBuildOperation;)Ljava/lang/Object;+5
j  org.gradle.launcher.exec.RunAsBuildOperationBuildActionRunner.run(Lorg/gradle/internal/invocation/BuildAction;Lorg/gradle/internal/invocation/BuildController;)Lorg/gradle/internal/invocation/BuildActionRunner$Result;+33
j  org.gradle.launcher.exec.InProcessBuildActionExecuter$1.transform(Lorg/gradle/internal/invocation/BuildController;)Lorg/gradle/launcher/exec/BuildActionResult;+12
j  org.gradle.launcher.exec.InProcessBuildActionExecuter$1.transform(Ljava/lang/Object;)Ljava/lang/Object;+5
j  org.gradle.composite.internal.DefaultRootBuildState.run(Lorg/gradle/api/Transformer;)Ljava/lang/Object;+43
j  org.gradle.launcher.exec.InProcessBuildActionExecuter.execute(Lorg/gradle/internal/invocation/BuildAction;Lorg/gradle/initialization/BuildRequestContext;Lorg/gradle/launcher/exec/BuildActionParameters;Lorg/gradle/internal/service/ServiceRegistry;)Lorg/gradle/launcher/exec/BuildActionResult;+82
j  org.gradle.launcher.exec.InProcessBuildActionExecuter.execute(Lorg/gradle/internal/invocation/BuildAction;Lorg/gradle/initialization/BuildRequestContext;Ljava/lang/Object;Lorg/gradle/internal/service/ServiceRegistry;)Lorg/gradle/launcher/exec/BuildActionResult;+9
j  org.gradle.launcher.exec.BuildTreeScopeBuildActionExecuter.execute(Lorg/gradle/internal/invocation/BuildAction;Lorg/gradle/initialization/BuildRequestContext;Lorg/gradle/launcher/exec/BuildActionParameters;Lorg/gradle/internal/service/ServiceRegistry;)Lorg/gradle/launcher/exec/BuildActionResult;+38
j  org.gradle.launcher.exec.BuildTreeScopeBuildActionExecuter.execute(Lorg/gradle/internal/invocation/BuildAction;Lorg/gradle/initialization/BuildRequestContext;Ljava/lang/Object;Lorg/gradle/internal/service/ServiceRegistry;)Lorg/gradle/launcher/exec/BuildActionResult;+9
j  org.gradle.tooling.internal.provider.ContinuousBuildActionExecuter.execute(Lorg/gradle/internal/invocation/BuildAction;Lorg/gradle/initialization/BuildRequestContext;Lorg/gradle/launcher/exec/BuildActionParameters;Lorg/gradle/internal/service/ServiceRegistry;)Lorg/gradle/launcher/exec/BuildActionResult;+58
j  org.gradle.tooling.internal.provider.ContinuousBuildActionExecuter.execute(Lorg/gradle/internal/invocation/BuildAction;Lorg/gradle/initialization/BuildRequestContext;Ljava/lang/Object;Lorg/gradle/internal/service/ServiceRegistry;)Lorg/gradle/launcher/exec/BuildActionResult;+9
j  org.gradle.tooling.internal.provider.SubscribableBuildActionExecuter.execute(Lorg/gradle/internal/invocation/BuildAction;Lorg/gradle/initialization/BuildRequestContext;Lorg/gradle/launcher/exec/BuildActionParameters;Lorg/gradle/internal/service/ServiceRegistry;)Lorg/gradle/launcher/exec/BuildActionResult;+41
j  org.gradle.tooling.internal.provider.SubscribableBuildActionExecuter.execute(Lorg/gradle/internal/invocation/BuildAction;Lorg/gradle/initialization/BuildRequestContext;Ljava/lang/Object;Lorg/gradle/internal/service/ServiceRegistry;)Lorg/gradle/launcher/exec/BuildActionResult;+9
j  org.gradle.tooling.internal.provider.SessionScopeBuildActionExecuter.execute(Lorg/gradle/internal/invocation/BuildAction;Lorg/gradle/initialization/BuildRequestContext;Lorg/gradle/launcher/exec/BuildActionParameters;Lorg/gradle/internal/service/ServiceRegistry;)Lorg/gradle/launcher/exec/BuildActionResult;+117
j  org.gradle.tooling.internal.provider.SessionScopeBuildActionExecuter.execute(Lorg/gradle/internal/invocation/BuildAction;Lorg/gradle/initialization/BuildRequestContext;Ljava/lang/Object;Lorg/gradle/internal/service/ServiceRegistry;)Lorg/gradle/launcher/exec/BuildActionResult;+9
j  org.gradle.tooling.internal.provider.GradleThreadBuildActionExecuter.execute(Lorg/gradle/internal/invocation/BuildAction;Lorg/gradle/initialization/BuildRequestContext;Lorg/gradle/launcher/exec/BuildActionParameters;Lorg/gradle/internal/service/ServiceRegistry;)Lorg/gradle/launcher/exec/BuildActionResult;+12
j  org.gradle.tooling.internal.provider.GradleThreadBuildActionExecuter.execute(Lorg/gradle/internal/invocation/BuildAction;Lorg/gradle/initialization/BuildRequestContext;Ljava/lang/Object;Lorg/gradle/internal/service/ServiceRegistry;)Lorg/gradle/launcher/exec/BuildActionResult;+9
j  org.gradle.tooling.internal.provider.ParallelismConfigurationBuildActionExecuter.execute(Lorg/gradle/internal/invocation/BuildAction;Lorg/gradle/initialization/BuildRequestContext;Lorg/gradle/launcher/exec/BuildActionParameters;Lorg/gradle/internal/service/ServiceRegistry;)Lorg/gradle/launcher/exec/BuildActionResult;+43
j  org.gradle.tooling.internal.provider.ParallelismConfigurationBuildActionExecuter.execute(Lorg/gradle/internal/invocation/BuildAction;Lorg/gradle/initialization/BuildRequestContext;Ljava/lang/Object;Lorg/gradle/internal/service/ServiceRegistry;)Lorg/gradle/launcher/exec/BuildActionResult;+9
j  org.gradle.tooling.internal.provider.StartParamsValidatingActionExecuter.execute(Lorg/gradle/internal/invocation/BuildAction;Lorg/gradle/initialization/BuildRequestContext;Lorg/gradle/launcher/exec/BuildActionParameters;Lorg/gradle/internal/service/ServiceRegistry;)Lorg/gradle/launcher/exec/BuildActionResult;+177
j  org.gradle.tooling.internal.provider.StartParamsValidatingActionExecuter.execute(Lorg/gradle/internal/invocation/BuildAction;Lorg/gradle/initialization/BuildRequestContext;Ljava/lang/Object;Lorg/gradle/internal/service/ServiceRegistry;)Lorg/gradle/launcher/exec/BuildActionResult;+9
j  org.gradle.tooling.internal.provider.SessionFailureReportingActionExecuter.execute(Lorg/gradle/internal/invocation/BuildAction;Lorg/gradle/initialization/BuildRequestContext;Lorg/gradle/launcher/exec/BuildActionParameters;Lorg/gradle/internal/service/ServiceRegistry;)Lorg/gradle/launcher/exec/BuildActionResult;+9
j  org.gradle.tooling.internal.provider.SessionFailureReportingActionExecuter.execute(Lorg/gradle/internal/invocation/BuildAction;Lorg/gradle/initialization/BuildRequestContext;Ljava/lang/Object;Lorg/gradle/internal/service/ServiceRegistry;)Lorg/gradle/launcher/exec/BuildActionResult;+9
j  org.gradle.tooling.internal.provider.SetupLoggingActionExecuter.execute(Lorg/gradle/internal/invocation/BuildAction;Lorg/gradle/initialization/BuildRequestContext;Lorg/gradle/launcher/exec/BuildActionParameters;Lorg/gradle/internal/service/ServiceRegistry;)Lorg/gradle/launcher/exec/BuildActionResult;+52
j  org.gradle.tooling.internal.provider.SetupLoggingActionExecuter.execute(Lorg/gradle/internal/invocation/BuildAction;Lorg/gradle/initialization/BuildRequestContext;Ljava/lang/Object;Lorg/gradle/internal/service/ServiceRegistry;)Lorg/gradle/launcher/exec/BuildActionResult;+9
j  org.gradle.launcher.daemon.server.exec.ExecuteBuild.doBuild(Lorg/gradle/launcher/daemon/server/api/DaemonCommandExecution;Lorg/gradle/launcher/daemon/protocol/Build;)V+118
j  org.gradle.launcher.daemon.server.exec.BuildCommandOnly.execute(Lorg/gradle/launcher/daemon/server/api/DaemonCommandExecution;)V+49
j  org.gradle.launcher.daemon.server.api.DaemonCommandExecution.proceed()Z+23
j  org.gradle.launcher.daemon.server.exec.WatchForDisconnection.execute(Lorg/gradle/launcher/daemon/server/api/DaemonCommandExecution;)V+19
j  org.gradle.launcher.daemon.server.api.DaemonCommandExecution.proceed()Z+23
j  org.gradle.launcher.daemon.server.exec.ResetDeprecationLogger.execute(Lorg/gradle/launcher/daemon/server/api/DaemonCommandExecution;)V+7
j  org.gradle.launcher.daemon.server.api.DaemonCommandExecution.proceed()Z+23
j  org.gradle.launcher.daemon.server.exec.RequestStopIfSingleUsedDaemon.execute(Lorg/gradle/launcher/daemon/server/api/DaemonCommandExecution;)V+33
j  org.gradle.launcher.daemon.server.api.DaemonCommandExecution.proceed()Z+23
j  org.gradle.launcher.daemon.server.exec.ForwardClientInput$2.create()Ljava/lang/Void;+4
j  org.gradle.launcher.daemon.server.exec.ForwardClientInput$2.create()Ljava/lang/Object;+1
j  org.gradle.util.Swapper.swap(Ljava/lang/Object;Lorg/gradle/internal/Factory;)Ljava/lang/Object;+21
j  org.gradle.launcher.daemon.server.exec.ForwardClientInput.execute(Lorg/gradle/launcher/daemon/server/api/DaemonCommandExecution;)V+63
j  org.gradle.launcher.daemon.server.api.DaemonCommandExecution.proceed()Z+23
j  org.gradle.launcher.daemon.server.exec.LogAndCheckHealth.execute(Lorg/gradle/launcher/daemon/server/api/DaemonCommandExecution;)V+28
j  org.gradle.launcher.daemon.server.api.DaemonCommandExecution.proceed()Z+23
j  org.gradle.launcher.daemon.server.exec.LogToClient.doBuild(Lorg/gradle/launcher/daemon/server/api/DaemonCommandExecution;Lorg/gradle/launcher/daemon/protocol/Build;)V+87
j  org.gradle.launcher.daemon.server.exec.BuildCommandOnly.execute(Lorg/gradle/launcher/daemon/server/api/DaemonCommandExecution;)V+49
j  org.gradle.launcher.daemon.server.api.DaemonCommandExecution.proceed()Z+23
j  org.gradle.launcher.daemon.server.exec.EstablishBuildEnvironment.doBuild(Lorg/gradle/launcher/daemon/server/api/DaemonCommandExecution;Lorg/gradle/launcher/daemon/protocol/Build;)V+351
j  org.gradle.launcher.daemon.server.exec.BuildCommandOnly.execute(Lorg/gradle/launcher/daemon/server/api/DaemonCommandExecution;)V+49
j  org.gradle.launcher.daemon.server.api.DaemonCommandExecution.proceed()Z+23
j  org.gradle.launcher.daemon.server.exec.StartBuildOrRespondWithBusy$1.run()V+44
j  org.gradle.launcher.daemon.server.DaemonStateCoordinator$1.run()V+4
j  org.gradle.internal.concurrent.ExecutorPolicy$CatchAndRecordFailures.onExecute(Ljava/lang/Runnable;)V+1
j  org.gradle.internal.concurrent.ManagedExecutorImpl$1.run()V+25
j  java.util.concurrent.ThreadPoolExecutor.runWorker(Ljava/util/concurrent/ThreadPoolExecutor$Worker;)V+95
j  java.util.concurrent.ThreadPoolExecutor$Worker.run()V+5
j  org.gradle.internal.concurrent.ThreadFactoryImpl$ManagedThreadRunnable.run()V+7
j  java.lang.Thread.run()V+11
v  ~StubRoutines::call_stub

---------------  P R O C E S S  ---------------

Java Threads: ( => current thread )
  0x000000001813a000 JavaThread "Cache worker for execution history cache (C:\Users\home\.gradle\caches\6.2\executionHistory)" [_thread_blocked, id=7792, stack(0x000000001e280000,0x000000001e380000)]
  0x000000001813f800 JavaThread "Cache worker for cache directory md-rule (C:\Users\home\.gradle\caches\6.2\md-rule)" [_thread_blocked, id=11504, stack(0x000000001e180000,0x000000001e280000)]
  0x000000001813f000 JavaThread "Cache worker for cache directory md-supplier (C:\Users\home\.gradle\caches\6.2\md-supplier)" [_thread_blocked, id=6696, stack(0x000000001e080000,0x000000001e180000)]
  0x000000001813d000 JavaThread "Cache worker for file hash cache (C:\Users\home\Desktop\ReactNative\bgChanger\android\.gradle\6.2\fileHashes)" [_thread_blocked, id=11808, stack(0x000000001cfb0000,0x000000001d0b0000)]
  0x0000000018139800 JavaThread "Cache worker for checksums cache (C:\Users\home\Desktop\ReactNative\bgChanger\android\.gradle\checksums)" [_thread_blocked, id=5512, stack(0x000000001cce0000,0x000000001cde0000)]
  0x000000001813e000 JavaThread "Cache worker for file hash cache (C:\Users\home\.gradle\caches\6.2\fileHashes)" [_thread_blocked, id=7404, stack(0x000000001a6a0000,0x000000001a7a0000)]
  0x000000001813c800 JavaThread "File lock request listener" [_thread_in_native, id=2560, stack(0x000000001a4a0000,0x000000001a5a0000)]
  0x0000000018140800 JavaThread "Cache worker for journal cache (C:\Users\home\.gradle\caches\journal-1)" [_thread_blocked, id=8900, stack(0x000000001a3a0000,0x000000001a4a0000)]
  0x00000000180de000 JavaThread "Thread-9" [_thread_blocked, id=12940, stack(0x000000001a0a0000,0x000000001a1a0000)]
  0x00000000180e6800 JavaThread "Stdin handler" [_thread_blocked, id=12568, stack(0x0000000019fa0000,0x000000001a0a0000)]
  0x00000000180e6000 JavaThread "Asynchronous log dispatcher for DefaultDaemonConnection: socket connection from /127.0.0.1:52965 to /127.0.0.1:52966" [_thread_blocked, id=12220, stack(0x0000000019ea0000,0x0000000019fa0000)]
=>0x00000000180e8800 JavaThread "Daemon worker" [_thread_in_vm, id=11768, stack(0x0000000019da0000,0x0000000019ea0000)]
  0x0000000018071000 JavaThread "Cancel handler" [_thread_blocked, id=4568, stack(0x0000000019ca0000,0x0000000019da0000)]
  0x000000001806d800 JavaThread "Handler for socket connection from /127.0.0.1:52965 to /127.0.0.1:52966" [_thread_in_native, id=8032, stack(0x00000000199a0000,0x0000000019aa0000)]
  0x000000001802f000 JavaThread "Daemon" [_thread_blocked, id=1120, stack(0x00000000198a0000,0x00000000199a0000)]
  0x0000000018072800 JavaThread "Daemon periodic checks" [_thread_blocked, id=10696, stack(0x00000000197a0000,0x00000000198a0000)]
  0x000000001802c800 JavaThread "Incoming local TCP Connector on port 52965" [_thread_in_native, id=6216, stack(0x0000000019560000,0x0000000019660000)]
  0x0000000017f82800 JavaThread "Daemon health stats" [_thread_blocked, id=8660, stack(0x0000000018f20000,0x0000000019020000)]
  0x00000000161a8800 JavaThread "Service Thread" daemon [_thread_blocked, id=15256, stack(0x0000000016580000,0x0000000016680000)]
  0x0000000014849000 JavaThread "C1 CompilerThread2" daemon [_thread_blocked, id=8148, stack(0x0000000016080000,0x0000000016180000)]
  0x0000000014841000 JavaThread "C2 CompilerThread1" daemon [_thread_in_native, id=15348, stack(0x0000000015f80000,0x0000000016080000)]
  0x0000000014845800 JavaThread "C2 CompilerThread0" daemon [_thread_in_native, id=7184, stack(0x0000000015e80000,0x0000000015f80000)]
  0x0000000014839800 JavaThread "Attach Listener" daemon [_thread_blocked, id=11776, stack(0x0000000015d80000,0x0000000015e80000)]
  0x0000000014838800 JavaThread "Signal Dispatcher" daemon [_thread_blocked, id=2728, stack(0x0000000015c80000,0x0000000015d80000)]
  0x000000000340d800 JavaThread "Finalizer" daemon [_thread_blocked, id=5404, stack(0x0000000015a90000,0x0000000015b90000)]
  0x0000000014819000 JavaThread "Reference Handler" daemon [_thread_blocked, id=6556, stack(0x0000000015990000,0x0000000015a90000)]
  0x0000000003312800 JavaThread "main" [_thread_blocked, id=2792, stack(0x0000000003210000,0x0000000003310000)]

Other Threads:
  0x00000000147f7800 VMThread [stack: 0x0000000015890000,0x0000000015990000] [id=6224]
  0x00000000161a9800 WatcherThread [stack: 0x0000000016680000,0x0000000016780000] [id=11456]

VM state:not at safepoint (normal execution)

VM Mutex/Monitor currently owned by a thread: None

heap address: 0x00000000e0000000, size: 512 MB, Compressed Oops mode: 32-bit
Narrow klass base: 0x0000000000000000, Narrow klass shift: 3
Compressed class space size: 1073741824 Address: 0x0000000100000000

Heap:
 PSYoungGen      total 76288K, used 15468K [0x00000000f5580000, 0x00000000fd480000, 0x0000000100000000)
  eden space 65536K, 10% used [0x00000000f5580000,0x00000000f5c7e9b0,0x00000000f9580000)
  from space 10752K, 77% used [0x00000000f9580000,0x00000000f9d9c7d8,0x00000000fa000000)
  to   space 11776K, 0% used [0x00000000fc900000,0x00000000fc900000,0x00000000fd480000)
 ParOldGen       total 175104K, used 7212K [0x00000000e0000000, 0x00000000eab00000, 0x00000000f5580000)
  object space 175104K, 4% used [0x00000000e0000000,0x00000000e070b328,0x00000000eab00000)
 Metaspace       used 29471K, capacity 30240K, committed 30464K, reserved 1075200K
  class space    used 4037K, capacity 4242K, committed 4352K, reserved 1048576K

Card table byte_map: [0x00000000127d0000,0x00000000128e0000] byte_map_base: 0x00000000120d0000

Marking Bits: (ParMarkBitMap*) 0x00000000561423c0
 Begin Bits: [0x0000000012d90000, 0x0000000013590000)
 End Bits:   [0x0000000013590000, 0x0000000013d90000)

Polling page: 0x0000000001830000

CodeCache: size=245760Kb used=9006Kb max_used=9006Kb free=236753Kb
 bounds [0x0000000003410000, 0x0000000003ce0000, 0x0000000012410000]
 total_blobs=2943 nmethods=2270 adapters=585
 compilation: enabled

Compilation events (10 events):
Event: 6.578 Thread 0x0000000014849000 2282       2       groovyjarjarasm.asm.MethodWriter::visitAbstractType (8 bytes)
Event: 6.578 Thread 0x0000000014849000 nmethod 2282 0x0000000003cdcb90 code [0x0000000003cdcce0, 0x0000000003cdce50]
Event: 6.617 Thread 0x0000000014849000 2284       1       com.google.common.collect.MapMakerInternalMap$AbstractStrongKeyEntry::getNext (5 bytes)
Event: 6.617 Thread 0x0000000014849000 nmethod 2284 0x0000000003cdd310 code [0x0000000003cdd460, 0x0000000003cdd570]
Event: 6.620 Thread 0x0000000014849000 2285       2       java.util.ComparableTimSort::binarySort (223 bytes)
Event: 6.621 Thread 0x0000000014849000 nmethod 2285 0x0000000003cdd5d0 code [0x0000000003cdd780, 0x0000000003cddd98]
Event: 6.621 Thread 0x0000000014849000 2286       1       java.lang.Thread::getThreadGroup (5 bytes)
Event: 6.621 Thread 0x0000000014849000 nmethod 2286 0x0000000003cde1d0 code [0x0000000003cde320, 0x0000000003cde430]
Event: 6.621 Thread 0x0000000014849000 2287       2       sun.reflect.generics.repository.MethodRepository::getReturnType (41 bytes)
Event: 6.622 Thread 0x0000000014849000 nmethod 2287 0x0000000003cde490 code [0x0000000003cde600, 0x0000000003cde888]

GC Heap History (10 events):
Event: 3.711 GC heap before
{Heap before GC invocations=2 (full 0):
 PSYoungGen      total 76288K, used 71139K [0x00000000f5580000, 0x00000000faa80000, 0x0000000100000000)
  eden space 65536K, 100% used [0x00000000f5580000,0x00000000f9580000,0x00000000f9580000)
  from space 10752K, 52% used [0x00000000f9580000,0x00000000f9af8e78,0x00000000fa000000)
  to   space 10752K, 0% used [0x00000000fa000000,0x00000000fa000000,0x00000000faa80000)
 ParOldGen       total 175104K, used 16K [0x00000000e0000000, 0x00000000eab00000, 0x00000000f5580000)
  object space 175104K, 0% used [0x00000000e0000000,0x00000000e0004000,0x00000000eab00000)
 Metaspace       used 14889K, capacity 15266K, committed 15488K, reserved 1062912K
  class space    used 2017K, capacity 2163K, committed 2176K, reserved 1048576K
Event: 3.726 GC heap after
Heap after GC invocations=2 (full 0):
 PSYoungGen      total 76288K, used 9254K [0x00000000f5580000, 0x00000000faa80000, 0x0000000100000000)
  eden space 65536K, 0% used [0x00000000f5580000,0x00000000f5580000,0x00000000f9580000)
  from space 10752K, 86% used [0x00000000fa000000,0x00000000fa909920,0x00000000faa80000)
  to   space 10752K, 0% used [0x00000000f9580000,0x00000000f9580000,0x00000000fa000000)
 ParOldGen       total 175104K, used 24K [0x00000000e0000000, 0x00000000eab00000, 0x00000000f5580000)
  object space 175104K, 0% used [0x00000000e0000000,0x00000000e0006000,0x00000000eab00000)
 Metaspace       used 14889K, capacity 15266K, committed 15488K, reserved 1062912K
  class space    used 2017K, capacity 2163K, committed 2176K, reserved 1048576K
}
Event: 4.835 GC heap before
{Heap before GC invocations=3 (full 0):
 PSYoungGen      total 76288K, used 74790K [0x00000000f5580000, 0x00000000faa80000, 0x0000000100000000)
  eden space 65536K, 100% used [0x00000000f5580000,0x00000000f9580000,0x00000000f9580000)
  from space 10752K, 86% used [0x00000000fa000000,0x00000000fa909920,0x00000000faa80000)
  to   space 10752K, 0% used [0x00000000f9580000,0x00000000f9580000,0x00000000fa000000)
 ParOldGen       total 175104K, used 24K [0x00000000e0000000, 0x00000000eab00000, 0x00000000f5580000)
  object space 175104K, 0% used [0x00000000e0000000,0x00000000e0006020,0x00000000eab00000)
 Metaspace       used 20031K, capacity 20558K, committed 20736K, reserved 1067008K
  class space    used 2870K, capacity 3019K, committed 3072K, reserved 1048576K
Event: 4.854 GC heap after
Heap after GC invocations=3 (full 0):
 PSYoungGen      total 76288K, used 10743K [0x00000000f5580000, 0x00000000faa80000, 0x0000000100000000)
  eden space 65536K, 0% used [0x00000000f5580000,0x00000000f5580000,0x00000000f9580000)
  from space 10752K, 99% used [0x00000000f9580000,0x00000000f9ffdcc8,0x00000000fa000000)
  to   space 10752K, 0% used [0x00000000fa000000,0x00000000fa000000,0x00000000faa80000)
 ParOldGen       total 175104K, used 524K [0x00000000e0000000, 0x00000000eab00000, 0x00000000f5580000)
  object space 175104K, 0% used [0x00000000e0000000,0x00000000e0083368,0x00000000eab00000)
 Metaspace       used 20031K, capacity 20558K, committed 20736K, reserved 1067008K
  class space    used 2870K, capacity 3019K, committed 3072K, reserved 1048576K
}
Event: 5.040 GC heap before
{Heap before GC invocations=4 (full 0):
 PSYoungGen      total 76288K, used 22821K [0x00000000f5580000, 0x00000000faa80000, 0x0000000100000000)
  eden space 65536K, 18% used [0x00000000f5580000,0x00000000f614b960,0x00000000f9580000)
  from space 10752K, 99% used [0x00000000f9580000,0x00000000f9ffdcc8,0x00000000fa000000)
  to   space 10752K, 0% used [0x00000000fa000000,0x00000000fa000000,0x00000000faa80000)
 ParOldGen       total 175104K, used 524K [0x00000000e0000000, 0x00000000eab00000, 0x00000000f5580000)
  object space 175104K, 0% used [0x00000000e0000000,0x00000000e0083368,0x00000000eab00000)
 Metaspace       used 20732K, capacity 21246K, committed 21296K, reserved 1067008K
  class space    used 2984K, capacity 3159K, committed 3200K, reserved 1048576K
Event: 5.049 GC heap after
Heap after GC invocations=4 (full 0):
 PSYoungGen      total 76288K, used 7375K [0x00000000f5580000, 0x00000000faa80000, 0x0000000100000000)
  eden space 65536K, 0% used [0x00000000f5580000,0x00000000f5580000,0x00000000f9580000)
  from space 10752K, 68% used [0x00000000fa000000,0x00000000fa733d48,0x00000000faa80000)
  to   space 10752K, 0% used [0x00000000f9580000,0x00000000f9580000,0x00000000fa000000)
 ParOldGen       total 175104K, used 532K [0x00000000e0000000, 0x00000000eab00000, 0x00000000f5580000)
  object space 175104K, 0% used [0x00000000e0000000,0x00000000e0085368,0x00000000eab00000)
 Metaspace       used 20732K, capacity 21246K, committed 21296K, reserved 1067008K
  class space    used 2984K, capacity 3159K, committed 3200K, reserved 1048576K
}
Event: 5.049 GC heap before
{Heap before GC invocations=5 (full 1):
 PSYoungGen      total 76288K, used 7375K [0x00000000f5580000, 0x00000000faa80000, 0x0000000100000000)
  eden space 65536K, 0% used [0x00000000f5580000,0x00000000f5580000,0x00000000f9580000)
  from space 10752K, 68% used [0x00000000fa000000,0x00000000fa733d48,0x00000000faa80000)
  to   space 10752K, 0% used [0x00000000f9580000,0x00000000f9580000,0x00000000fa000000)
 ParOldGen       total 175104K, used 532K [0x00000000e0000000, 0x00000000eab00000, 0x00000000f5580000)
  object space 175104K, 0% used [0x00000000e0000000,0x00000000e0085368,0x00000000eab00000)
 Metaspace       used 20732K, capacity 21246K, committed 21296K, reserved 1067008K
  class space    used 2984K, capacity 3159K, committed 3200K, reserved 1048576K
Event: 5.106 GC heap after
Heap after GC invocations=5 (full 1):
 PSYoungGen      total 76288K, used 0K [0x00000000f5580000, 0x00000000faa80000, 0x0000000100000000)
  eden space 65536K, 0% used [0x00000000f5580000,0x00000000f5580000,0x00000000f9580000)
  from space 10752K, 0% used [0x00000000fa000000,0x00000000fa000000,0x00000000faa80000)
  to   space 10752K, 0% used [0x00000000f9580000,0x00000000f9580000,0x00000000fa000000)
 ParOldGen       total 175104K, used 7194K [0x00000000e0000000, 0x00000000eab00000, 0x00000000f5580000)
  object space 175104K, 4% used [0x00000000e0000000,0x00000000e0706a58,0x00000000eab00000)
 Metaspace       used 20732K, capacity 21246K, committed 21296K, reserved 1067008K
  class space    used 2984K, capacity 3159K, committed 3200K, reserved 1048576K
}
Event: 6.424 GC heap before
{Heap before GC invocations=6 (full 1):
 PSYoungGen      total 76288K, used 65536K [0x00000000f5580000, 0x00000000faa80000, 0x0000000100000000)
  eden space 65536K, 100% used [0x00000000f5580000,0x00000000f9580000,0x00000000f9580000)
  from space 10752K, 0% used [0x00000000fa000000,0x00000000fa000000,0x00000000faa80000)
  to   space 10752K, 0% used [0x00000000f9580000,0x00000000f9580000,0x00000000fa000000)
 ParOldGen       total 175104K, used 7204K [0x00000000e0000000, 0x00000000eab00000, 0x00000000f5580000)
  object space 175104K, 4% used [0x00000000e0000000,0x00000000e0709328,0x00000000eab00000)
 Metaspace       used 29260K, capacity 29906K, committed 30080K, reserved 1075200K
  class space    used 4008K, capacity 4197K, committed 4224K, reserved 1048576K
Event: 6.443 GC heap after
Heap after GC invocations=6 (full 1):
 PSYoungGen      total 76288K, used 8305K [0x00000000f5580000, 0x00000000fd480000, 0x0000000100000000)
  eden space 65536K, 0% used [0x00000000f5580000,0x00000000f5580000,0x00000000f9580000)
  from space 10752K, 77% used [0x00000000f9580000,0x00000000f9d9c7d8,0x00000000fa000000)
  to   space 11776K, 0% used [0x00000000fc900000,0x00000000fc900000,0x00000000fd480000)
 ParOldGen       total 175104K, used 7212K [0x00000000e0000000, 0x00000000eab00000, 0x00000000f5580000)
  object space 175104K, 4% used [0x00000000e0000000,0x00000000e070b328,0x00000000eab00000)
 Metaspace       used 29260K, capacity 29906K, committed 30080K, reserved 1075200K
  class space    used 4008K, capacity 4197K, committed 4224K, reserved 1048576K
}

Deoptimization events (10 events):
Event: 6.075 Thread 0x00000000180e8800 Uncommon trap: reason=class_check action=maybe_recompile pc=0x00000000039bf9a4 method=sun.misc.URLClassPath.getResource(Ljava/lang/String;Z)Lsun/misc/Resource; @ 62
Event: 6.075 Thread 0x00000000180e8800 Uncommon trap: reason=unstable_if action=reinterpret pc=0x0000000003ae957c method=java.lang.String.regionMatches(ZILjava/lang/String;II)Z @ 41
Event: 6.078 Thread 0x00000000180e8800 Uncommon trap: reason=unstable_if action=reinterpret pc=0x00000000038d8eb4 method=java.lang.ClassLoader.getClassLoadingLock(Ljava/lang/String;)Ljava/lang/Object; @ 6
Event: 6.109 Thread 0x00000000180e8800 Uncommon trap: reason=class_check action=maybe_recompile pc=0x0000000003afcaec method=sun.misc.URLClassPath.getLoader(I)Lsun/misc/URLClassPath$Loader; @ 239
Event: 6.109 Thread 0x00000000180e8800 Uncommon trap: reason=unstable_if action=reinterpret pc=0x00000000038c9628 method=java.lang.String.regionMatches(ZILjava/lang/String;II)Z @ 41
Event: 6.124 Thread 0x00000000180e8800 Uncommon trap: reason=class_check action=maybe_recompile pc=0x0000000003afcaec method=sun.misc.URLClassPath.getLoader(I)Lsun/misc/URLClassPath$Loader; @ 239
Event: 6.443 Thread 0x0000000014819000 Uncommon trap: reason=unstable_if action=reinterpret pc=0x00000000039da47c method=java.lang.ref.Reference.tryHandlePending(Z)Z @ 104
Event: 6.456 Thread 0x00000000180e8800 Uncommon trap: reason=unstable_if action=reinterpret pc=0x00000000036b87bc method=sun.nio.cs.UTF_8$Decoder.decode([BII[C)I @ 30
Event: 6.457 Thread 0x00000000180e8800 Uncommon trap: reason=unstable_if action=reinterpret pc=0x0000000003609d10 method=sun.nio.cs.UTF_8$Encoder.encode([CII[B)I @ 33
Event: 6.470 Thread 0x00000000180e8800 Uncommon trap: reason=class_check action=maybe_recompile pc=0x0000000003afc784 method=sun.misc.URLClassPath.getLoader(I)Lsun/misc/URLClassPath$Loader; @ 94

Classes redefined (0 events):
No events

Internal exceptions (10 events):
Event: 6.556 Thread 0x00000000180e8800 Exception <a 'java/lang/ClassNotFoundException': java/util/AbstractCollectionBeanInfo> (0x00000000f5b02cf8) thrown at [C:\cygwin64\tmp\build\source\java-1.8.0-openjdk\tmp\jdk8u\hotspot\src\share\vm\classfile\systemDictionary.cpp, line 217]
Event: 6.557 Thread 0x00000000180e8800 Exception <a 'java/lang/ClassNotFoundException': java/util/AbstractCollectionCustomizer> (0x00000000f5b06de0) thrown at [C:\cygwin64\tmp\build\source\java-1.8.0-openjdk\tmp\jdk8u\hotspot\src\share\vm\classfile\systemDictionary.cpp, line 217]
Event: 6.559 Thread 0x00000000180e8800 Exception <a 'java/lang/ClassNotFoundException': java/util/AbstractListCustomizer> (0x00000000f5b15678) thrown at [C:\cygwin64\tmp\build\source\java-1.8.0-openjdk\tmp\jdk8u\hotspot\src\share\vm\classfile\systemDictionary.cpp, line 217]
Event: 6.562 Thread 0x00000000180e8800 Exception <a 'java/lang/ClassNotFoundException': java/util/ArrayListCustomizer> (0x00000000f5b26dc0) thrown at [C:\cygwin64\tmp\build\source\java-1.8.0-openjdk\tmp\jdk8u\hotspot\src\share\vm\classfile\systemDictionary.cpp, line 217]
Event: 6.570 Thread 0x00000000180e8800 Exception <a 'java/lang/ClassNotFoundException': java/lang/RuntimeBeanInfo> (0x00000000f5b797e0) thrown at [C:\cygwin64\tmp\build\source\java-1.8.0-openjdk\tmp\jdk8u\hotspot\src\share\vm\classfile\systemDictionary.cpp, line 217]
Event: 6.570 Thread 0x00000000180e8800 Exception <a 'java/lang/ClassNotFoundException': java/lang/RuntimeCustomizer> (0x00000000f5b7d5d0) thrown at [C:\cygwin64\tmp\build\source\java-1.8.0-openjdk\tmp\jdk8u\hotspot\src\share\vm\classfile\systemDictionary.cpp, line 217]
Event: 6.620 Thread 0x00000000180e8800 Exception <a 'java/lang/ClassNotFoundException': java/lang/ProcessImplBeanInfo> (0x00000000f5bda138) thrown at [C:\cygwin64\tmp\build\source\java-1.8.0-openjdk\tmp\jdk8u\hotspot\src\share\vm\classfile\systemDictionary.cpp, line 217]
Event: 6.621 Thread 0x00000000180e8800 Exception <a 'java/lang/ClassNotFoundException': java/lang/ProcessBeanInfo> (0x00000000f5bddf38) thrown at [C:\cygwin64\tmp\build\source\java-1.8.0-openjdk\tmp\jdk8u\hotspot\src\share\vm\classfile\systemDictionary.cpp, line 217]
Event: 6.621 Thread 0x00000000180e8800 Exception <a 'java/lang/ClassNotFoundException': java/lang/ProcessCustomizer> (0x00000000f5be1d28) thrown at [C:\cygwin64\tmp\build\source\java-1.8.0-openjdk\tmp\jdk8u\hotspot\src\share\vm\classfile\systemDictionary.cpp, line 217]
Event: 6.622 Thread 0x00000000180e8800 Exception <a 'java/lang/ClassNotFoundException': java/lang/ProcessImplCustomizer> (0x00000000f5bebd40) thrown at [C:\cygwin64\tmp\build\source\java-1.8.0-openjdk\tmp\jdk8u\hotspot\src\share\vm\classfile\systemDictionary.cpp, line 217]

Events (10 events):
Event: 6.621 loading class java/lang/ProcessCustomizer
Event: 6.621 loading class java/lang/ProcessCustomizer done
Event: 6.621 loading class java/lang/ProcessCustomizer
Event: 6.621 loading class java/lang/ProcessCustomizer done
Event: 6.621 loading class java/lang/ProcessImplCustomizer
Event: 6.621 loading class java/lang/ProcessImplCustomizer done
Event: 6.622 loading class java/lang/ProcessImplCustomizer
Event: 6.622 loading class java/lang/ProcessImplCustomizer done
Event: 6.623 loading class org/codehaus/groovy/runtime/callsite/PojoMetaMethodSite$PojoCachedMethodSiteNoUnwrapNoCoerce
Event: 6.623 loading class org/codehaus/groovy/runtime/callsite/PojoMetaMethodSite$PojoCachedMethodSiteNoUnwrapNoCoerce done


Dynamic libraries:
0x00007ff7cfb00000 - 0x00007ff7cfb35000 	C:\Program Files\OpenJDK\openjdk-8u275-b01\bin\java.exe
0x00007ffc559f0000 - 0x00007ffc55bd1000 	C:\WINDOWS\SYSTEM32\ntdll.dll
0x00007ffc530e0000 - 0x00007ffc53191000 	C:\WINDOWS\System32\KERNEL32.DLL
0x00007ffc51e30000 - 0x00007ffc520a3000 	C:\WINDOWS\System32\KERNELBASE.dll
0x00007ffc53030000 - 0x00007ffc530d1000 	C:\WINDOWS\System32\ADVAPI32.dll
0x00007ffc55130000 - 0x00007ffc551ce000 	C:\WINDOWS\System32\msvcrt.dll
0x00007ffc55960000 - 0x00007ffc559bb000 	C:\WINDOWS\System32\sechost.dll
0x00007ffc54a90000 - 0x00007ffc54bb4000 	C:\WINDOWS\System32\RPCRT4.dll
0x00007ffc54770000 - 0x00007ffc54900000 	C:\WINDOWS\System32\USER32.dll
0x00007ffc51db0000 - 0x00007ffc51dd0000 	C:\WINDOWS\System32\win32u.dll
0x00007ffc54f10000 - 0x00007ffc54f38000 	C:\WINDOWS\System32\GDI32.dll
0x00007ffc52a50000 - 0x00007ffc52be1000 	C:\WINDOWS\System32\gdi32full.dll
0x00007ffc527c0000 - 0x00007ffc5285f000 	C:\WINDOWS\System32\msvcp_win.dll
0x00007ffc52cf0000 - 0x00007ffc52de8000 	C:\WINDOWS\System32\ucrtbase.dll
0x00007ffc45860000 - 0x00007ffc45ac9000 	C:\WINDOWS\WinSxS\amd64_microsoft.windows.common-controls_6595b64144ccf1df_6.0.17134.1304_none_d3fbe61b7c93d9f0\COMCTL32.dll
0x00007ffc551d0000 - 0x00007ffc554f1000 	C:\WINDOWS\System32\combase.dll
0x00007ffc52df0000 - 0x00007ffc52e69000 	C:\WINDOWS\System32\bcryptPrimitives.dll
0x00007ffc550e0000 - 0x00007ffc5510d000 	C:\WINDOWS\System32\IMM32.DLL
0x00000000561d0000 - 0x00000000562a2000 	C:\Program Files\OpenJDK\openjdk-8u275-b01\jre\bin\msvcr100.dll
0x0000000055930000 - 0x00000000561c4000 	C:\Program Files\OpenJDK\openjdk-8u275-b01\jre\bin\server\jvm.dll
0x00007ffc55950000 - 0x00007ffc55958000 	C:\WINDOWS\System32\PSAPI.DLL
0x00007ffc485e0000 - 0x00007ffc48603000 	C:\WINDOWS\SYSTEM32\WINMM.dll
0x00007ffc4d170000 - 0x00007ffc4d179000 	C:\WINDOWS\SYSTEM32\WSOCK32.dll
0x00007ffc4d7d0000 - 0x00007ffc4d7da000 	C:\WINDOWS\SYSTEM32\VERSION.dll
0x00007ffc54ea0000 - 0x00007ffc54f0c000 	C:\WINDOWS\System32\WS2_32.dll
0x00007ffc485b0000 - 0x00007ffc485da000 	C:\WINDOWS\SYSTEM32\WINMMBASE.dll
0x00007ffc52ca0000 - 0x00007ffc52ce9000 	C:\WINDOWS\System32\cfgmgr32.dll
0x00007ffc464e0000 - 0x00007ffc464ef000 	C:\Program Files\OpenJDK\openjdk-8u275-b01\jre\bin\verify.dll
0x00007ffc33ab0000 - 0x00007ffc33ad9000 	C:\Program Files\OpenJDK\openjdk-8u275-b01\jre\bin\java.dll
0x00007ffc32a00000 - 0x00007ffc32a16000 	C:\Program Files\OpenJDK\openjdk-8u275-b01\jre\bin\zip.dll
0x00007ffc532c0000 - 0x00007ffc54705000 	C:\WINDOWS\System32\SHELL32.dll
0x00007ffc53200000 - 0x00007ffc532a9000 	C:\WINDOWS\System32\shcore.dll
0x00007ffc520b0000 - 0x00007ffc527c0000 	C:\WINDOWS\System32\windows.storage.dll
0x00007ffc54710000 - 0x00007ffc54761000 	C:\WINDOWS\System32\shlwapi.dll
0x00007ffc51d40000 - 0x00007ffc51d51000 	C:\WINDOWS\System32\kernel.appcore.dll
0x00007ffc51d90000 - 0x00007ffc51daf000 	C:\WINDOWS\System32\profapi.dll
0x00007ffc51cf0000 - 0x00007ffc51d3c000 	C:\WINDOWS\System32\powrprof.dll
0x00007ffc51d80000 - 0x00007ffc51d8a000 	C:\WINDOWS\System32\FLTLIB.DLL
0x00007ffc31e60000 - 0x00007ffc31e7b000 	C:\Program Files\OpenJDK\openjdk-8u275-b01\jre\bin\net.dll
0x00007ffc51510000 - 0x00007ffc51576000 	C:\WINDOWS\system32\mswsock.dll
0x00007ffc31e40000 - 0x00007ffc31e52000 	C:\Program Files\OpenJDK\openjdk-8u275-b01\jre\bin\nio.dll
0x00007ffc31d40000 - 0x00007ffc31d6a000 	C:\Users\home\.gradle\native\36\windows-amd64\native-platform.dll
0x00007ffc46150000 - 0x00007ffc4615d000 	C:\Program Files\OpenJDK\openjdk-8u275-b01\jre\bin\management.dll
0x00007ffc516c0000 - 0x00007ffc516d7000 	C:\WINDOWS\SYSTEM32\CRYPTSP.dll
0x00007ffc510c0000 - 0x00007ffc510f3000 	C:\WINDOWS\system32\rsaenh.dll
0x00007ffc517f0000 - 0x00007ffc51815000 	C:\WINDOWS\SYSTEM32\bcrypt.dll
0x00007ffc51c20000 - 0x00007ffc51c48000 	C:\WINDOWS\SYSTEM32\USERENV.dll
0x00007ffc516e0000 - 0x00007ffc516eb000 	C:\WINDOWS\SYSTEM32\CRYPTBASE.dll
0x00007ffc51260000 - 0x00007ffc51298000 	C:\WINDOWS\SYSTEM32\IPHLPAPI.DLL
0x00007ffc54e10000 - 0x00007ffc54e18000 	C:\WINDOWS\System32\NSI.dll
0x00007ffc4df90000 - 0x00007ffc4dfa6000 	C:\WINDOWS\SYSTEM32\dhcpcsvc6.DLL
0x00007ffc4df60000 - 0x00007ffc4df7a000 	C:\WINDOWS\SYSTEM32\dhcpcsvc.DLL

VM Arguments:
jvm_args: -XX:MaxMetaspaceSize=256m -XX:+HeapDumpOnOutOfMemoryError -Xms256m -Xmx512m -Dfile.encoding=windows-1252 -Duser.country=US -Duser.language=en -Duser.variant 
java_command: org.gradle.launcher.daemon.bootstrap.GradleDaemon 6.2
java_class_path (initial): C:\Users\home\.gradle\wrapper\dists\gradle-6.2-all\dvufqs6kielxeao781pmk5huj\gradle-6.2\lib\gradle-launcher-6.2.jar
Launcher Type: SUN_STANDARD

Environment Variables:
JAVA_HOME=C:\Program Files\OpenJDK\openjdk-8u275-b01
CLASSPATH=C:\Users\home\Desktop\ReactNative\bgChanger\android\\gradle\wrapper\gradle-wrapper.jar
PATH=C:\Users\home\Desktop\ReactNative\bgChanger\android\node_modules\.bin;C:\Users\home\Desktop\ReactNative\bgChanger\node_modules\.bin;C:\Users\home\Desktop\ReactNative\node_modules\.bin;C:\Users\home\Desktop\node_modules\.bin;C:\Users\home\node_modules\.bin;C:\Users\node_modules\.bin;C:\node_modules\.bin;C:\Program Files\nodejs;C:\Users\home\Desktop\ReactNative\bgChanger\node_modules\.bin;C:\Python27\;C:\Python27\Scripts;F:\app\home\product\11.1.0\db_1\bin;c:\OraHome_1\bin;c:\OraHome_1\jre\1.4.2\bin\client;c:\OraHome_1\jre\1.4.2\bin;c:\DevSuiteHome_1\jdk\jre\bin\classic;c:\DevSuiteHome_1\jdk\jre\bin;c:\DevSuiteHome_1\jdk\jre\bin\client;c:\DevSuiteHome_1\jlib;c:\DevSuiteHome_1\bin;c:\DevSuiteHome_1\jre\1.4.2\bin\client;c:\DevSuiteHome_1\jre\1.4.2\bin;C:\ProgramData\Oracle\Java\javapath;C:\WINDOWS\system32;C:\WINDOWS;C:\WINDOWS\System32\Wbem;C:\WINDOWS\System32\WindowsPowerShell\v1.0\;C:\WINDOWS\System32\OpenSSH\;C:\Program Files\Git\cmd;C:\Program Files\dotnet\;C:\ProgramData\chocolatey\bin;C:\Program Files\nodejs\;C:\Program Files\OpenJDK\openjdk-8u275-b01\bin;C:\Users\home\AppData\Local\Android\Sdk\platform-tools;C:\Users\home\AppData\Local\Android\Sdk;C:\Program Files\Java\jdk1.8.0_121\bin;C:\Program Files\Java\jre1.8.0_121\bin;C:\Users\home\AppData\Local\Microsoft\WindowsApps;C:\Users\home\AppData\Local\Programs\Microsoft VS Code\bin;C:\Users\home\AppData\Local\GitHubDesktop\bin;C:\Users\home\Downloads\caddy_v1.0.3_windows_amd64;F:\ext-7.0.0-trial\ext-7.0.0\.sencha;C:\Users\home\AppData\Roaming\npm
USERNAME=home
OS=Windows_NT
PROCESSOR_IDENTIFIER=Intel64 Family 6 Model 78 Stepping 3, GenuineIntel



---------------  S Y S T E M  ---------------

OS: Windows 10.0 , 64 bit Build 17134 (10.0.17134.753)

CPU:total 4 (initial active 4) (2 cores per cpu, 2 threads per core) family 6 model 78 stepping 3, cmov, cx8, fxsr, mmx, sse, sse2, sse3, ssse3, sse4.1, sse4.2, popcnt, avx, avx2, aes, clmul, erms, 3dnowpref, lzcnt, ht, tsc, tscinvbit, bmi1, bmi2, adx

Memory: 4k page, physical 8260324k(1152876k free), swap 13380324k(804k free)

vm_info: OpenJDK 64-Bit Server VM (25.275-b01) for windows-amd64 JRE (1.8.0_275-b01), built on Nov  6 2020 13:43:37 by "build" with MS VC++ 10.0 (VS2010)

time: Thu Nov 26 11:59:22 2020
timezone: India Standard Time
elapsed time: 6.659450 seconds (0d 0h 0m 6s)

